2019-09-17 08:29:56.387 INFO Starting App on DESKTOP-JRN78DJ with PID 10820 (D:\yehuiwang\blog\target\classes started by yehuiwang in D:\yehuiwang\blog)
2019-09-17 08:29:56.409 INFO No active profile set, falling back to default profiles: default
2019-09-17 08:29:56.523 INFO Refreshing org.springframework.boot.web.servlet.context.AnnotationConfigServletWebServerApplicationContext@383bfa16: startup date [Tue Sep 17 08:29:56 CST 2019]; root of context hierarchy
2019-09-17 08:29:59.452 INFO Tomcat initialized with port(s): 8123 (http)
2019-09-17 08:29:59.521 INFO Initializing ProtocolHandler ["http-nio-8123"]
2019-09-17 08:29:59.565 INFO Starting service [Tomcat]
2019-09-17 08:29:59.565 INFO Starting Servlet Engine: Apache Tomcat/8.5.31
2019-09-17 08:29:59.581 INFO The APR based Apache Tomcat Native library which allows optimal performance in production environments was not found on the java.library.path: [C:\Program Files\Java\jdk1.8.0_161\bin;C:\WINDOWS\Sun\Java\bin;C:\WINDOWS\system32;C:\WINDOWS;C:\ProgramData\Oracle\Java\javapath;C:\Windows\system32;C:\Windows;C:\Windows\System32\Wbem;C:\Windows\System32\WindowsPowerShell\v1.0\;C:\Program Files (x86)\NVIDIA Corporation\PhysX\Common;"C:\Program Files\Java\jdk1.8.0_161;";C:\Program Files\Git\cmd;C:\Program Files\TortoiseGit\bin;C:\Program Files\MySQL\MySQL Server 5.7\bin;C:\Program Files (x86)\Microsoft SQL Server\100\Tools\Binn\;C:\Program Files\Microsoft SQL Server\100\Tools\Binn\;C:\Program Files\Microsoft SQL Server\100\DTS\Binn\;C:\Program Files\Microsoft\Web Platform Installer\;D:\maven\apache-maven-3.5.3\bin;C:\Program Files\MongoDB\Server\3.6\bin;C:\WINDOWS\system32;C:\WINDOWS;C:\WINDOWS\System32\Wbem;C:\WINDOWS\System32\WindowsPowerShell\v1.0\;C:\WINDOWS\System32\OpenSSH\;C:\Program Files\Java\jdk1.8.0_161\bin;C:\Program Files (x86)\Microsoft SQL Server\100\Tools\Binn\VSShell\Common7\IDE\;C:\Program Files (x86)\Microsoft SQL Server\100\DTS\Binn\;C:\Program Files (x86)\Intel\Intel(R) Management Engine Components\DAL;C:\Program Files\Intel\Intel(R) Management Engine Components\DAL;C:\Program Files\nodejs\;C:\Users\yehuiwang\.windows-build-tools\python27;C:\Program Files\PuTTY\;C:\Users\yehuiwang\.windows-build-tools\python27\;C:\Users\yehuiwang\AppData\Local\Microsoft\WindowsApps;;C:\Users\yehuiwang\AppData\Local\Programs\Fiddler;C:\Users\yehuiwang\AppData\Roaming\npm;C:\Users\yehuiwang\AppData\Local\Programs\Microsoft VS Code\bin;C:\Users\yehuiwang\AppData\Local\Microsoft\WindowsApps;.]
2019-09-17 08:29:59.917 INFO Initializing Spring embedded WebApplicationContext
2019-09-17 08:29:59.918 INFO Root WebApplicationContext: initialization completed in 3399 ms
2019-09-17 08:30:00.178 INFO Servlet dispatcherServlet mapped to [/]
2019-09-17 08:30:00.185 INFO Mapping filter: 'characterEncodingFilter' to: [/*]
2019-09-17 08:30:00.186 INFO Mapping filter: 'hiddenHttpMethodFilter' to: [/*]
2019-09-17 08:30:00.186 INFO Mapping filter: 'httpPutFormContentFilter' to: [/*]
2019-09-17 08:30:00.186 INFO Mapping filter: 'requestContextFilter' to: [/*]
2019-09-17 08:30:00.809 INFO Mapped URL path [/**/favicon.ico] onto handler of type [class org.springframework.web.servlet.resource.ResourceHttpRequestHandler]
2019-09-17 08:30:01.129 INFO Looking for @ControllerAdvice: org.springframework.boot.web.servlet.context.AnnotationConfigServletWebServerApplicationContext@383bfa16: startup date [Tue Sep 17 08:29:56 CST 2019]; root of context hierarchy
2019-09-17 08:30:01.212 INFO Mapped "{[/user/register]}" onto public com.yhw.blog.util.ResponseData com.yhw.blog.controller.UserController.register(com.yhw.blog.entity.User)
2019-09-17 08:30:01.213 INFO Mapped "{[/user/login]}" onto public com.yhw.blog.util.ResponseData com.yhw.blog.controller.UserController.getUser(com.yhw.blog.entity.User)
2019-09-17 08:30:01.216 INFO Mapped "{[/error]}" onto public org.springframework.http.ResponseEntity<java.util.Map<java.lang.String, java.lang.Object>> org.springframework.boot.autoconfigure.web.servlet.error.BasicErrorController.error(javax.servlet.http.HttpServletRequest)
2019-09-17 08:30:01.217 INFO Mapped "{[/error],produces=[text/html]}" onto public org.springframework.web.servlet.ModelAndView org.springframework.boot.autoconfigure.web.servlet.error.BasicErrorController.errorHtml(javax.servlet.http.HttpServletRequest,javax.servlet.http.HttpServletResponse)
2019-09-17 08:30:01.256 INFO Mapped URL path [/webjars/**] onto handler of type [class org.springframework.web.servlet.resource.ResourceHttpRequestHandler]
2019-09-17 08:30:01.256 INFO Mapped URL path [/**] onto handler of type [class org.springframework.web.servlet.resource.ResourceHttpRequestHandler]
2019-09-17 08:30:01.570 INFO Registering beans for JMX exposure on startup
2019-09-17 08:30:01.572 INFO Bean with name 'dataSource' has been autodetected for JMX exposure
2019-09-17 08:30:01.577 INFO Located MBean 'dataSource': registering with JMX server as MBean [com.alibaba.druid.pool:name=dataSource,type=DruidDataSource]
2019-09-17 08:30:01.589 INFO Starting ProtocolHandler ["http-nio-8123"]
2019-09-17 08:30:01.599 INFO Using a shared selector for servlet write/read
2019-09-17 08:30:01.616 INFO Tomcat started on port(s): 8123 (http) with context path ''
2019-09-17 08:30:01.620 INFO Started App in 5.718 seconds (JVM running for 6.938)
2019-09-17 08:30:08.570 INFO Initializing Spring FrameworkServlet 'dispatcherServlet'
2019-09-17 08:30:08.570 INFO FrameworkServlet 'dispatcherServlet': initialization started
2019-09-17 08:30:08.596 INFO FrameworkServlet 'dispatcherServlet': initialization completed in 26 ms
2019-09-17 08:30:08.922 INFO {dataSource-1} inited
